[2025-05-22 12:34:17] local.ERROR: Target class [Database\Seeders\app1] does not exist. {"exception":"[object] (Illuminate\\Contracts\\Container\\BindingResolutionException(code: 0): Target class [Database\\Seeders\\app1] does not exist. at C:\\Users\\risha\\OneDrive\\Desktop\\php-laravel-docker\\vendor\\laravel\\framework\\src\\Illuminate\\Container\\Container.php:961)
[stacktrace]
#0 C:\\Users\\risha\\OneDrive\\Desktop\\php-laravel-docker\\vendor\\laravel\\framework\\src\\Illuminate\\Container\\Container.php(832): Illuminate\\Container\\Container->build()
#1 C:\\Users\\risha\\OneDrive\\Desktop\\php-laravel-docker\\vendor\\laravel\\framework\\src\\Illuminate\\Foundation\\Application.php(1078): Illuminate\\Container\\Container->resolve()
#2 C:\\Users\\risha\\OneDrive\\Desktop\\php-laravel-docker\\vendor\\laravel\\framework\\src\\Illuminate\\Container\\Container.php(763): Illuminate\\Foundation\\Application->resolve()
#3 C:\\Users\\risha\\OneDrive\\Desktop\\php-laravel-docker\\vendor\\laravel\\framework\\src\\Illuminate\\Foundation\\Application.php(1058): Illuminate\\Container\\Container->make()
#4 C:\\Users\\risha\\OneDrive\\Desktop\\php-laravel-docker\\vendor\\laravel\\framework\\src\\Illuminate\\Database\\Seeder.php(133): Illuminate\\Foundation\\Application->make()
#5 C:\\Users\\risha\\OneDrive\\Desktop\\php-laravel-docker\\vendor\\laravel\\framework\\src\\Illuminate\\Database\\Seeder.php(48): Illuminate\\Database\\Seeder->resolve()
#6 C:\\Users\\risha\\OneDrive\\Desktop\\php-laravel-docker\\database\\seeds\\DatabaseSeeder.php(15): Illuminate\\Database\\Seeder->call()
#7 C:\\Users\\risha\\OneDrive\\Desktop\\php-laravel-docker\\vendor\\laravel\\framework\\src\\Illuminate\\Container\\BoundMethod.php(36): DatabaseSeeder->run()
#8 C:\\Users\\risha\\OneDrive\\Desktop\\php-laravel-docker\\vendor\\laravel\\framework\\src\\Illuminate\\Container\\Util.php(43): Illuminate\\Container\\BoundMethod::{closure:Illuminate\\Container\\BoundMethod::call():35}()
#9 C:\\Users\\risha\\OneDrive\\Desktop\\php-laravel-docker\\vendor\\laravel\\framework\\src\\Illuminate\\Container\\BoundMethod.php(95): Illuminate\\Container\\Util::unwrapIfClosure()
#10 C:\\Users\\risha\\OneDrive\\Desktop\\php-laravel-docker\\vendor\\laravel\\framework\\src\\Illuminate\\Container\\BoundMethod.php(35): Illuminate\\Container\\BoundMethod::callBoundMethod()
#11 C:\\Users\\risha\\OneDrive\\Desktop\\php-laravel-docker\\vendor\\laravel\\framework\\src\\Illuminate\\Container\\Container.php(696): Illuminate\\Container\\BoundMethod::call()
#12 C:\\Users\\risha\\OneDrive\\Desktop\\php-laravel-docker\\vendor\\laravel\\framework\\src\\Illuminate\\Database\\Seeder.php(188): Illuminate\\Container\\Container->call()
#13 C:\\Users\\risha\\OneDrive\\Desktop\\php-laravel-docker\\vendor\\laravel\\framework\\src\\Illuminate\\Database\\Seeder.php(197): Illuminate\\Database\\Seeder->{closure:Illuminate\\Database\\Seeder::__invoke():187}()
#14 C:\\Users\\risha\\OneDrive\\Desktop\\php-laravel-docker\\vendor\\laravel\\framework\\src\\Illuminate\\Database\\Console\\Seeds\\SeedCommand.php(70): Illuminate\\Database\\Seeder->__invoke()
#15 C:\\Users\\risha\\OneDrive\\Desktop\\php-laravel-docker\\vendor\\laravel\\framework\\src\\Illuminate\\Database\\Eloquent\\Concerns\\GuardsAttributes.php(155): Illuminate\\Database\\Console\\Seeds\\SeedCommand->{closure:Illuminate\\Database\\Console\\Seeds\\SeedCommand::handle():69}()
#16 C:\\Users\\risha\\OneDrive\\Desktop\\php-laravel-docker\\vendor\\laravel\\framework\\src\\Illuminate\\Database\\Console\\Seeds\\SeedCommand.php(69): Illuminate\\Database\\Eloquent\\Model::unguarded()
#17 C:\\Users\\risha\\OneDrive\\Desktop\\php-laravel-docker\\vendor\\laravel\\framework\\src\\Illuminate\\Container\\BoundMethod.php(36): Illuminate\\Database\\Console\\Seeds\\SeedCommand->handle()
#18 C:\\Users\\risha\\OneDrive\\Desktop\\php-laravel-docker\\vendor\\laravel\\framework\\src\\Illuminate\\Container\\Util.php(43): Illuminate\\Container\\BoundMethod::{closure:Illuminate\\Container\\BoundMethod::call():35}()
#19 C:\\Users\\risha\\OneDrive\\Desktop\\php-laravel-docker\\vendor\\laravel\\framework\\src\\Illuminate\\Container\\BoundMethod.php(95): Illuminate\\Container\\Util::unwrapIfClosure()
#20 C:\\Users\\risha\\OneDrive\\Desktop\\php-laravel-docker\\vendor\\laravel\\framework\\src\\Illuminate\\Container\\BoundMethod.php(35): Illuminate\\Container\\BoundMethod::callBoundMethod()
#21 C:\\Users\\risha\\OneDrive\\Desktop\\php-laravel-docker\\vendor\\laravel\\framework\\src\\Illuminate\\Container\\Container.php(696): Illuminate\\Container\\BoundMethod::call()
#22 C:\\Users\\risha\\OneDrive\\Desktop\\php-laravel-docker\\vendor\\laravel\\framework\\src\\Illuminate\\Console\\Command.php(213): Illuminate\\Container\\Container->call()
#23 C:\\Users\\risha\\OneDrive\\Desktop\\php-laravel-docker\\vendor\\symfony\\console\\Command\\Command.php(279): Illuminate\\Console\\Command->execute()
#24 C:\\Users\\risha\\OneDrive\\Desktop\\php-laravel-docker\\vendor\\laravel\\framework\\src\\Illuminate\\Console\\Command.php(182): Symfony\\Component\\Console\\Command\\Command->run()
#25 C:\\Users\\risha\\OneDrive\\Desktop\\php-laravel-docker\\vendor\\symfony\\console\\Application.php(1094): Illuminate\\Console\\Command->run()
#26 C:\\Users\\risha\\OneDrive\\Desktop\\php-laravel-docker\\vendor\\symfony\\console\\Application.php(342): Symfony\\Component\\Console\\Application->doRunCommand()
#27 C:\\Users\\risha\\OneDrive\\Desktop\\php-laravel-docker\\vendor\\symfony\\console\\Application.php(193): Symfony\\Component\\Console\\Application->doRun()
#28 C:\\Users\\risha\\OneDrive\\Desktop\\php-laravel-docker\\vendor\\laravel\\framework\\src\\Illuminate\\Foundation\\Console\\Kernel.php(198): Symfony\\Component\\Console\\Application->run()
#29 C:\\Users\\risha\\OneDrive\\Desktop\\php-laravel-docker\\artisan(35): Illuminate\\Foundation\\Console\\Kernel->handle()
#30 {main}

[previous exception] [object] (ReflectionException(code: -1): Class \"Database\\Seeders\\app1\" does not exist at C:\\Users\\risha\\OneDrive\\Desktop\\php-laravel-docker\\vendor\\laravel\\framework\\src\\Illuminate\\Container\\Container.php:959)
[stacktrace]
#0 C:\\Users\\risha\\OneDrive\\Desktop\\php-laravel-docker\\vendor\\laravel\\framework\\src\\Illuminate\\Container\\Container.php(959): ReflectionClass->__construct()
#1 C:\\Users\\risha\\OneDrive\\Desktop\\php-laravel-docker\\vendor\\laravel\\framework\\src\\Illuminate\\Container\\Container.php(832): Illuminate\\Container\\Container->build()
#2 C:\\Users\\risha\\OneDrive\\Desktop\\php-laravel-docker\\vendor\\laravel\\framework\\src\\Illuminate\\Foundation\\Application.php(1078): Illuminate\\Container\\Container->resolve()
#3 C:\\Users\\risha\\OneDrive\\Desktop\\php-laravel-docker\\vendor\\laravel\\framework\\src\\Illuminate\\Container\\Container.php(763): Illuminate\\Foundation\\Application->resolve()
#4 C:\\Users\\risha\\OneDrive\\Desktop\\php-laravel-docker\\vendor\\laravel\\framework\\src\\Illuminate\\Foundation\\Application.php(1058): Illuminate\\Container\\Container->make()
#5 C:\\Users\\risha\\OneDrive\\Desktop\\php-laravel-docker\\vendor\\laravel\\framework\\src\\Illuminate\\Database\\Seeder.php(133): Illuminate\\Foundation\\Application->make()
#6 C:\\Users\\risha\\OneDrive\\Desktop\\php-laravel-docker\\vendor\\laravel\\framework\\src\\Illuminate\\Database\\Seeder.php(48): Illuminate\\Database\\Seeder->resolve()
#7 C:\\Users\\risha\\OneDrive\\Desktop\\php-laravel-docker\\database\\seeds\\DatabaseSeeder.php(15): Illuminate\\Database\\Seeder->call()
#8 C:\\Users\\risha\\OneDrive\\Desktop\\php-laravel-docker\\vendor\\laravel\\framework\\src\\Illuminate\\Container\\BoundMethod.php(36): DatabaseSeeder->run()
#9 C:\\Users\\risha\\OneDrive\\Desktop\\php-laravel-docker\\vendor\\laravel\\framework\\src\\Illuminate\\Container\\Util.php(43): Illuminate\\Container\\BoundMethod::{closure:Illuminate\\Container\\BoundMethod::call():35}()
#10 C:\\Users\\risha\\OneDrive\\Desktop\\php-laravel-docker\\vendor\\laravel\\framework\\src\\Illuminate\\Container\\BoundMethod.php(95): Illuminate\\Container\\Util::unwrapIfClosure()
#11 C:\\Users\\risha\\OneDrive\\Desktop\\php-laravel-docker\\vendor\\laravel\\framework\\src\\Illuminate\\Container\\BoundMethod.php(35): Illuminate\\Container\\BoundMethod::callBoundMethod()
#12 C:\\Users\\risha\\OneDrive\\Desktop\\php-laravel-docker\\vendor\\laravel\\framework\\src\\Illuminate\\Container\\Container.php(696): Illuminate\\Container\\BoundMethod::call()
#13 C:\\Users\\risha\\OneDrive\\Desktop\\php-laravel-docker\\vendor\\laravel\\framework\\src\\Illuminate\\Database\\Seeder.php(188): Illuminate\\Container\\Container->call()
#14 C:\\Users\\risha\\OneDrive\\Desktop\\php-laravel-docker\\vendor\\laravel\\framework\\src\\Illuminate\\Database\\Seeder.php(197): Illuminate\\Database\\Seeder->{closure:Illuminate\\Database\\Seeder::__invoke():187}()
#15 C:\\Users\\risha\\OneDrive\\Desktop\\php-laravel-docker\\vendor\\laravel\\framework\\src\\Illuminate\\Database\\Console\\Seeds\\SeedCommand.php(70): Illuminate\\Database\\Seeder->__invoke()
#16 C:\\Users\\risha\\OneDrive\\Desktop\\php-laravel-docker\\vendor\\laravel\\framework\\src\\Illuminate\\Database\\Eloquent\\Concerns\\GuardsAttributes.php(155): Illuminate\\Database\\Console\\Seeds\\SeedCommand->{closure:Illuminate\\Database\\Console\\Seeds\\SeedCommand::handle():69}()
#17 C:\\Users\\risha\\OneDrive\\Desktop\\php-laravel-docker\\vendor\\laravel\\framework\\src\\Illuminate\\Database\\Console\\Seeds\\SeedCommand.php(69): Illuminate\\Database\\Eloquent\\Model::unguarded()
#18 C:\\Users\\risha\\OneDrive\\Desktop\\php-laravel-docker\\vendor\\laravel\\framework\\src\\Illuminate\\Container\\BoundMethod.php(36): Illuminate\\Database\\Console\\Seeds\\SeedCommand->handle()
#19 C:\\Users\\risha\\OneDrive\\Desktop\\php-laravel-docker\\vendor\\laravel\\framework\\src\\Illuminate\\Container\\Util.php(43): Illuminate\\Container\\BoundMethod::{closure:Illuminate\\Container\\BoundMethod::call():35}()
#20 C:\\Users\\risha\\OneDrive\\Desktop\\php-laravel-docker\\vendor\\laravel\\framework\\src\\Illuminate\\Container\\BoundMethod.php(95): Illuminate\\Container\\Util::unwrapIfClosure()
#21 C:\\Users\\risha\\OneDrive\\Desktop\\php-laravel-docker\\vendor\\laravel\\framework\\src\\Illuminate\\Container\\BoundMethod.php(35): Illuminate\\Container\\BoundMethod::callBoundMethod()
#22 C:\\Users\\risha\\OneDrive\\Desktop\\php-laravel-docker\\vendor\\laravel\\framework\\src\\Illuminate\\Container\\Container.php(696): Illuminate\\Container\\BoundMethod::call()
#23 C:\\Users\\risha\\OneDrive\\Desktop\\php-laravel-docker\\vendor\\laravel\\framework\\src\\Illuminate\\Console\\Command.php(213): Illuminate\\Container\\Container->call()
#24 C:\\Users\\risha\\OneDrive\\Desktop\\php-laravel-docker\\vendor\\symfony\\console\\Command\\Command.php(279): Illuminate\\Console\\Command->execute()
#25 C:\\Users\\risha\\OneDrive\\Desktop\\php-laravel-docker\\vendor\\laravel\\framework\\src\\Illuminate\\Console\\Command.php(182): Symfony\\Component\\Console\\Command\\Command->run()
#26 C:\\Users\\risha\\OneDrive\\Desktop\\php-laravel-docker\\vendor\\symfony\\console\\Application.php(1094): Illuminate\\Console\\Command->run()
#27 C:\\Users\\risha\\OneDrive\\Desktop\\php-laravel-docker\\vendor\\symfony\\console\\Application.php(342): Symfony\\Component\\Console\\Application->doRunCommand()
#28 C:\\Users\\risha\\OneDrive\\Desktop\\php-laravel-docker\\vendor\\symfony\\console\\Application.php(193): Symfony\\Component\\Console\\Application->doRun()
#29 C:\\Users\\risha\\OneDrive\\Desktop\\php-laravel-docker\\vendor\\laravel\\framework\\src\\Illuminate\\Foundation\\Console\\Kernel.php(198): Symfony\\Component\\Console\\Application->run()
#30 C:\\Users\\risha\\OneDrive\\Desktop\\php-laravel-docker\\artisan(35): Illuminate\\Foundation\\Console\\Kernel->handle()
#31 {main}
"} 
[2025-05-22 12:35:36] local.ERROR: Target class [Database\Seeders\app1] does not exist. {"exception":"[object] (Illuminate\\Contracts\\Container\\BindingResolutionException(code: 0): Target class [Database\\Seeders\\app1] does not exist. at C:\\Users\\risha\\OneDrive\\Desktop\\php-laravel-docker\\vendor\\laravel\\framework\\src\\Illuminate\\Container\\Container.php:961)
[stacktrace]
#0 C:\\Users\\risha\\OneDrive\\Desktop\\php-laravel-docker\\vendor\\laravel\\framework\\src\\Illuminate\\Container\\Container.php(832): Illuminate\\Container\\Container->build()
#1 C:\\Users\\risha\\OneDrive\\Desktop\\php-laravel-docker\\vendor\\laravel\\framework\\src\\Illuminate\\Foundation\\Application.php(1078): Illuminate\\Container\\Container->resolve()
#2 C:\\Users\\risha\\OneDrive\\Desktop\\php-laravel-docker\\vendor\\laravel\\framework\\src\\Illuminate\\Container\\Container.php(763): Illuminate\\Foundation\\Application->resolve()
#3 C:\\Users\\risha\\OneDrive\\Desktop\\php-laravel-docker\\vendor\\laravel\\framework\\src\\Illuminate\\Foundation\\Application.php(1058): Illuminate\\Container\\Container->make()
#4 C:\\Users\\risha\\OneDrive\\Desktop\\php-laravel-docker\\vendor\\laravel\\framework\\src\\Illuminate\\Database\\Seeder.php(133): Illuminate\\Foundation\\Application->make()
#5 C:\\Users\\risha\\OneDrive\\Desktop\\php-laravel-docker\\vendor\\laravel\\framework\\src\\Illuminate\\Database\\Seeder.php(48): Illuminate\\Database\\Seeder->resolve()
#6 C:\\Users\\risha\\OneDrive\\Desktop\\php-laravel-docker\\database\\seeds\\DatabaseSeeder.php(15): Illuminate\\Database\\Seeder->call()
#7 C:\\Users\\risha\\OneDrive\\Desktop\\php-laravel-docker\\vendor\\laravel\\framework\\src\\Illuminate\\Container\\BoundMethod.php(36): DatabaseSeeder->run()
#8 C:\\Users\\risha\\OneDrive\\Desktop\\php-laravel-docker\\vendor\\laravel\\framework\\src\\Illuminate\\Container\\Util.php(43): Illuminate\\Container\\BoundMethod::{closure:Illuminate\\Container\\BoundMethod::call():35}()
#9 C:\\Users\\risha\\OneDrive\\Desktop\\php-laravel-docker\\vendor\\laravel\\framework\\src\\Illuminate\\Container\\BoundMethod.php(95): Illuminate\\Container\\Util::unwrapIfClosure()
#10 C:\\Users\\risha\\OneDrive\\Desktop\\php-laravel-docker\\vendor\\laravel\\framework\\src\\Illuminate\\Container\\BoundMethod.php(35): Illuminate\\Container\\BoundMethod::callBoundMethod()
#11 C:\\Users\\risha\\OneDrive\\Desktop\\php-laravel-docker\\vendor\\laravel\\framework\\src\\Illuminate\\Container\\Container.php(696): Illuminate\\Container\\BoundMethod::call()
#12 C:\\Users\\risha\\OneDrive\\Desktop\\php-laravel-docker\\vendor\\laravel\\framework\\src\\Illuminate\\Database\\Seeder.php(188): Illuminate\\Container\\Container->call()
#13 C:\\Users\\risha\\OneDrive\\Desktop\\php-laravel-docker\\vendor\\laravel\\framework\\src\\Illuminate\\Database\\Seeder.php(197): Illuminate\\Database\\Seeder->{closure:Illuminate\\Database\\Seeder::__invoke():187}()
#14 C:\\Users\\risha\\OneDrive\\Desktop\\php-laravel-docker\\vendor\\laravel\\framework\\src\\Illuminate\\Database\\Console\\Seeds\\SeedCommand.php(70): Illuminate\\Database\\Seeder->__invoke()
#15 C:\\Users\\risha\\OneDrive\\Desktop\\php-laravel-docker\\vendor\\laravel\\framework\\src\\Illuminate\\Database\\Eloquent\\Concerns\\GuardsAttributes.php(155): Illuminate\\Database\\Console\\Seeds\\SeedCommand->{closure:Illuminate\\Database\\Console\\Seeds\\SeedCommand::handle():69}()
#16 C:\\Users\\risha\\OneDrive\\Desktop\\php-laravel-docker\\vendor\\laravel\\framework\\src\\Illuminate\\Database\\Console\\Seeds\\SeedCommand.php(69): Illuminate\\Database\\Eloquent\\Model::unguarded()
#17 C:\\Users\\risha\\OneDrive\\Desktop\\php-laravel-docker\\vendor\\laravel\\framework\\src\\Illuminate\\Container\\BoundMethod.php(36): Illuminate\\Database\\Console\\Seeds\\SeedCommand->handle()
#18 C:\\Users\\risha\\OneDrive\\Desktop\\php-laravel-docker\\vendor\\laravel\\framework\\src\\Illuminate\\Container\\Util.php(43): Illuminate\\Container\\BoundMethod::{closure:Illuminate\\Container\\BoundMethod::call():35}()
#19 C:\\Users\\risha\\OneDrive\\Desktop\\php-laravel-docker\\vendor\\laravel\\framework\\src\\Illuminate\\Container\\BoundMethod.php(95): Illuminate\\Container\\Util::unwrapIfClosure()
#20 C:\\Users\\risha\\OneDrive\\Desktop\\php-laravel-docker\\vendor\\laravel\\framework\\src\\Illuminate\\Container\\BoundMethod.php(35): Illuminate\\Container\\BoundMethod::callBoundMethod()
#21 C:\\Users\\risha\\OneDrive\\Desktop\\php-laravel-docker\\vendor\\laravel\\framework\\src\\Illuminate\\Container\\Container.php(696): Illuminate\\Container\\BoundMethod::call()
#22 C:\\Users\\risha\\OneDrive\\Desktop\\php-laravel-docker\\vendor\\laravel\\framework\\src\\Illuminate\\Console\\Command.php(213): Illuminate\\Container\\Container->call()
#23 C:\\Users\\risha\\OneDrive\\Desktop\\php-laravel-docker\\vendor\\symfony\\console\\Command\\Command.php(279): Illuminate\\Console\\Command->execute()
#24 C:\\Users\\risha\\OneDrive\\Desktop\\php-laravel-docker\\vendor\\laravel\\framework\\src\\Illuminate\\Console\\Command.php(182): Symfony\\Component\\Console\\Command\\Command->run()
#25 C:\\Users\\risha\\OneDrive\\Desktop\\php-laravel-docker\\vendor\\symfony\\console\\Application.php(1094): Illuminate\\Console\\Command->run()
#26 C:\\Users\\risha\\OneDrive\\Desktop\\php-laravel-docker\\vendor\\symfony\\console\\Application.php(342): Symfony\\Component\\Console\\Application->doRunCommand()
#27 C:\\Users\\risha\\OneDrive\\Desktop\\php-laravel-docker\\vendor\\symfony\\console\\Application.php(193): Symfony\\Component\\Console\\Application->doRun()
#28 C:\\Users\\risha\\OneDrive\\Desktop\\php-laravel-docker\\vendor\\laravel\\framework\\src\\Illuminate\\Foundation\\Console\\Kernel.php(198): Symfony\\Component\\Console\\Application->run()
#29 C:\\Users\\risha\\OneDrive\\Desktop\\php-laravel-docker\\artisan(35): Illuminate\\Foundation\\Console\\Kernel->handle()
#30 {main}

[previous exception] [object] (ReflectionException(code: -1): Class \"Database\\Seeders\\app1\" does not exist at C:\\Users\\risha\\OneDrive\\Desktop\\php-laravel-docker\\vendor\\laravel\\framework\\src\\Illuminate\\Container\\Container.php:959)
[stacktrace]
#0 C:\\Users\\risha\\OneDrive\\Desktop\\php-laravel-docker\\vendor\\laravel\\framework\\src\\Illuminate\\Container\\Container.php(959): ReflectionClass->__construct()
#1 C:\\Users\\risha\\OneDrive\\Desktop\\php-laravel-docker\\vendor\\laravel\\framework\\src\\Illuminate\\Container\\Container.php(832): Illuminate\\Container\\Container->build()
#2 C:\\Users\\risha\\OneDrive\\Desktop\\php-laravel-docker\\vendor\\laravel\\framework\\src\\Illuminate\\Foundation\\Application.php(1078): Illuminate\\Container\\Container->resolve()
#3 C:\\Users\\risha\\OneDrive\\Desktop\\php-laravel-docker\\vendor\\laravel\\framework\\src\\Illuminate\\Container\\Container.php(763): Illuminate\\Foundation\\Application->resolve()
#4 C:\\Users\\risha\\OneDrive\\Desktop\\php-laravel-docker\\vendor\\laravel\\framework\\src\\Illuminate\\Foundation\\Application.php(1058): Illuminate\\Container\\Container->make()
#5 C:\\Users\\risha\\OneDrive\\Desktop\\php-laravel-docker\\vendor\\laravel\\framework\\src\\Illuminate\\Database\\Seeder.php(133): Illuminate\\Foundation\\Application->make()
#6 C:\\Users\\risha\\OneDrive\\Desktop\\php-laravel-docker\\vendor\\laravel\\framework\\src\\Illuminate\\Database\\Seeder.php(48): Illuminate\\Database\\Seeder->resolve()
#7 C:\\Users\\risha\\OneDrive\\Desktop\\php-laravel-docker\\database\\seeds\\DatabaseSeeder.php(15): Illuminate\\Database\\Seeder->call()
#8 C:\\Users\\risha\\OneDrive\\Desktop\\php-laravel-docker\\vendor\\laravel\\framework\\src\\Illuminate\\Container\\BoundMethod.php(36): DatabaseSeeder->run()
#9 C:\\Users\\risha\\OneDrive\\Desktop\\php-laravel-docker\\vendor\\laravel\\framework\\src\\Illuminate\\Container\\Util.php(43): Illuminate\\Container\\BoundMethod::{closure:Illuminate\\Container\\BoundMethod::call():35}()
#10 C:\\Users\\risha\\OneDrive\\Desktop\\php-laravel-docker\\vendor\\laravel\\framework\\src\\Illuminate\\Container\\BoundMethod.php(95): Illuminate\\Container\\Util::unwrapIfClosure()
#11 C:\\Users\\risha\\OneDrive\\Desktop\\php-laravel-docker\\vendor\\laravel\\framework\\src\\Illuminate\\Container\\BoundMethod.php(35): Illuminate\\Container\\BoundMethod::callBoundMethod()
#12 C:\\Users\\risha\\OneDrive\\Desktop\\php-laravel-docker\\vendor\\laravel\\framework\\src\\Illuminate\\Container\\Container.php(696): Illuminate\\Container\\BoundMethod::call()
#13 C:\\Users\\risha\\OneDrive\\Desktop\\php-laravel-docker\\vendor\\laravel\\framework\\src\\Illuminate\\Database\\Seeder.php(188): Illuminate\\Container\\Container->call()
#14 C:\\Users\\risha\\OneDrive\\Desktop\\php-laravel-docker\\vendor\\laravel\\framework\\src\\Illuminate\\Database\\Seeder.php(197): Illuminate\\Database\\Seeder->{closure:Illuminate\\Database\\Seeder::__invoke():187}()
#15 C:\\Users\\risha\\OneDrive\\Desktop\\php-laravel-docker\\vendor\\laravel\\framework\\src\\Illuminate\\Database\\Console\\Seeds\\SeedCommand.php(70): Illuminate\\Database\\Seeder->__invoke()
#16 C:\\Users\\risha\\OneDrive\\Desktop\\php-laravel-docker\\vendor\\laravel\\framework\\src\\Illuminate\\Database\\Eloquent\\Concerns\\GuardsAttributes.php(155): Illuminate\\Database\\Console\\Seeds\\SeedCommand->{closure:Illuminate\\Database\\Console\\Seeds\\SeedCommand::handle():69}()
#17 C:\\Users\\risha\\OneDrive\\Desktop\\php-laravel-docker\\vendor\\laravel\\framework\\src\\Illuminate\\Database\\Console\\Seeds\\SeedCommand.php(69): Illuminate\\Database\\Eloquent\\Model::unguarded()
#18 C:\\Users\\risha\\OneDrive\\Desktop\\php-laravel-docker\\vendor\\laravel\\framework\\src\\Illuminate\\Container\\BoundMethod.php(36): Illuminate\\Database\\Console\\Seeds\\SeedCommand->handle()
#19 C:\\Users\\risha\\OneDrive\\Desktop\\php-laravel-docker\\vendor\\laravel\\framework\\src\\Illuminate\\Container\\Util.php(43): Illuminate\\Container\\BoundMethod::{closure:Illuminate\\Container\\BoundMethod::call():35}()
#20 C:\\Users\\risha\\OneDrive\\Desktop\\php-laravel-docker\\vendor\\laravel\\framework\\src\\Illuminate\\Container\\BoundMethod.php(95): Illuminate\\Container\\Util::unwrapIfClosure()
#21 C:\\Users\\risha\\OneDrive\\Desktop\\php-laravel-docker\\vendor\\laravel\\framework\\src\\Illuminate\\Container\\BoundMethod.php(35): Illuminate\\Container\\BoundMethod::callBoundMethod()
#22 C:\\Users\\risha\\OneDrive\\Desktop\\php-laravel-docker\\vendor\\laravel\\framework\\src\\Illuminate\\Container\\Container.php(696): Illuminate\\Container\\BoundMethod::call()
#23 C:\\Users\\risha\\OneDrive\\Desktop\\php-laravel-docker\\vendor\\laravel\\framework\\src\\Illuminate\\Console\\Command.php(213): Illuminate\\Container\\Container->call()
#24 C:\\Users\\risha\\OneDrive\\Desktop\\php-laravel-docker\\vendor\\symfony\\console\\Command\\Command.php(279): Illuminate\\Console\\Command->execute()
#25 C:\\Users\\risha\\OneDrive\\Desktop\\php-laravel-docker\\vendor\\laravel\\framework\\src\\Illuminate\\Console\\Command.php(182): Symfony\\Component\\Console\\Command\\Command->run()
#26 C:\\Users\\risha\\OneDrive\\Desktop\\php-laravel-docker\\vendor\\symfony\\console\\Application.php(1094): Illuminate\\Console\\Command->run()
#27 C:\\Users\\risha\\OneDrive\\Desktop\\php-laravel-docker\\vendor\\symfony\\console\\Application.php(342): Symfony\\Component\\Console\\Application->doRunCommand()
#28 C:\\Users\\risha\\OneDrive\\Desktop\\php-laravel-docker\\vendor\\symfony\\console\\Application.php(193): Symfony\\Component\\Console\\Application->doRun()
#29 C:\\Users\\risha\\OneDrive\\Desktop\\php-laravel-docker\\vendor\\laravel\\framework\\src\\Illuminate\\Foundation\\Console\\Kernel.php(198): Symfony\\Component\\Console\\Application->run()
#30 C:\\Users\\risha\\OneDrive\\Desktop\\php-laravel-docker\\artisan(35): Illuminate\\Foundation\\Console\\Kernel->handle()
#31 {main}
"} 
[2025-05-22 12:38:22] local.ERROR: Target class [Database\Seeders\app2] does not exist. {"exception":"[object] (Illuminate\\Contracts\\Container\\BindingResolutionException(code: 0): Target class [Database\\Seeders\\app2] does not exist. at C:\\Users\\risha\\OneDrive\\Desktop\\php-laravel-docker\\vendor\\laravel\\framework\\src\\Illuminate\\Container\\Container.php:961)
[stacktrace]
#0 C:\\Users\\risha\\OneDrive\\Desktop\\php-laravel-docker\\vendor\\laravel\\framework\\src\\Illuminate\\Container\\Container.php(832): Illuminate\\Container\\Container->build()
#1 C:\\Users\\risha\\OneDrive\\Desktop\\php-laravel-docker\\vendor\\laravel\\framework\\src\\Illuminate\\Foundation\\Application.php(1078): Illuminate\\Container\\Container->resolve()
#2 C:\\Users\\risha\\OneDrive\\Desktop\\php-laravel-docker\\vendor\\laravel\\framework\\src\\Illuminate\\Container\\Container.php(763): Illuminate\\Foundation\\Application->resolve()
#3 C:\\Users\\risha\\OneDrive\\Desktop\\php-laravel-docker\\vendor\\laravel\\framework\\src\\Illuminate\\Foundation\\Application.php(1058): Illuminate\\Container\\Container->make()
#4 C:\\Users\\risha\\OneDrive\\Desktop\\php-laravel-docker\\vendor\\laravel\\framework\\src\\Illuminate\\Database\\Seeder.php(133): Illuminate\\Foundation\\Application->make()
#5 C:\\Users\\risha\\OneDrive\\Desktop\\php-laravel-docker\\vendor\\laravel\\framework\\src\\Illuminate\\Database\\Seeder.php(48): Illuminate\\Database\\Seeder->resolve()
#6 C:\\Users\\risha\\OneDrive\\Desktop\\php-laravel-docker\\database\\seeds\\DatabaseSeeder.php(16): Illuminate\\Database\\Seeder->call()
#7 C:\\Users\\risha\\OneDrive\\Desktop\\php-laravel-docker\\vendor\\laravel\\framework\\src\\Illuminate\\Container\\BoundMethod.php(36): DatabaseSeeder->run()
#8 C:\\Users\\risha\\OneDrive\\Desktop\\php-laravel-docker\\vendor\\laravel\\framework\\src\\Illuminate\\Container\\Util.php(43): Illuminate\\Container\\BoundMethod::{closure:Illuminate\\Container\\BoundMethod::call():35}()
#9 C:\\Users\\risha\\OneDrive\\Desktop\\php-laravel-docker\\vendor\\laravel\\framework\\src\\Illuminate\\Container\\BoundMethod.php(95): Illuminate\\Container\\Util::unwrapIfClosure()
#10 C:\\Users\\risha\\OneDrive\\Desktop\\php-laravel-docker\\vendor\\laravel\\framework\\src\\Illuminate\\Container\\BoundMethod.php(35): Illuminate\\Container\\BoundMethod::callBoundMethod()
#11 C:\\Users\\risha\\OneDrive\\Desktop\\php-laravel-docker\\vendor\\laravel\\framework\\src\\Illuminate\\Container\\Container.php(696): Illuminate\\Container\\BoundMethod::call()
#12 C:\\Users\\risha\\OneDrive\\Desktop\\php-laravel-docker\\vendor\\laravel\\framework\\src\\Illuminate\\Database\\Seeder.php(188): Illuminate\\Container\\Container->call()
#13 C:\\Users\\risha\\OneDrive\\Desktop\\php-laravel-docker\\vendor\\laravel\\framework\\src\\Illuminate\\Database\\Seeder.php(197): Illuminate\\Database\\Seeder->{closure:Illuminate\\Database\\Seeder::__invoke():187}()
#14 C:\\Users\\risha\\OneDrive\\Desktop\\php-laravel-docker\\vendor\\laravel\\framework\\src\\Illuminate\\Database\\Console\\Seeds\\SeedCommand.php(70): Illuminate\\Database\\Seeder->__invoke()
#15 C:\\Users\\risha\\OneDrive\\Desktop\\php-laravel-docker\\vendor\\laravel\\framework\\src\\Illuminate\\Database\\Eloquent\\Concerns\\GuardsAttributes.php(155): Illuminate\\Database\\Console\\Seeds\\SeedCommand->{closure:Illuminate\\Database\\Console\\Seeds\\SeedCommand::handle():69}()
#16 C:\\Users\\risha\\OneDrive\\Desktop\\php-laravel-docker\\vendor\\laravel\\framework\\src\\Illuminate\\Database\\Console\\Seeds\\SeedCommand.php(69): Illuminate\\Database\\Eloquent\\Model::unguarded()
#17 C:\\Users\\risha\\OneDrive\\Desktop\\php-laravel-docker\\vendor\\laravel\\framework\\src\\Illuminate\\Container\\BoundMethod.php(36): Illuminate\\Database\\Console\\Seeds\\SeedCommand->handle()
#18 C:\\Users\\risha\\OneDrive\\Desktop\\php-laravel-docker\\vendor\\laravel\\framework\\src\\Illuminate\\Container\\Util.php(43): Illuminate\\Container\\BoundMethod::{closure:Illuminate\\Container\\BoundMethod::call():35}()
#19 C:\\Users\\risha\\OneDrive\\Desktop\\php-laravel-docker\\vendor\\laravel\\framework\\src\\Illuminate\\Container\\BoundMethod.php(95): Illuminate\\Container\\Util::unwrapIfClosure()
#20 C:\\Users\\risha\\OneDrive\\Desktop\\php-laravel-docker\\vendor\\laravel\\framework\\src\\Illuminate\\Container\\BoundMethod.php(35): Illuminate\\Container\\BoundMethod::callBoundMethod()
#21 C:\\Users\\risha\\OneDrive\\Desktop\\php-laravel-docker\\vendor\\laravel\\framework\\src\\Illuminate\\Container\\Container.php(696): Illuminate\\Container\\BoundMethod::call()
#22 C:\\Users\\risha\\OneDrive\\Desktop\\php-laravel-docker\\vendor\\laravel\\framework\\src\\Illuminate\\Console\\Command.php(213): Illuminate\\Container\\Container->call()
#23 C:\\Users\\risha\\OneDrive\\Desktop\\php-laravel-docker\\vendor\\symfony\\console\\Command\\Command.php(279): Illuminate\\Console\\Command->execute()
#24 C:\\Users\\risha\\OneDrive\\Desktop\\php-laravel-docker\\vendor\\laravel\\framework\\src\\Illuminate\\Console\\Command.php(182): Symfony\\Component\\Console\\Command\\Command->run()
#25 C:\\Users\\risha\\OneDrive\\Desktop\\php-laravel-docker\\vendor\\symfony\\console\\Application.php(1094): Illuminate\\Console\\Command->run()
#26 C:\\Users\\risha\\OneDrive\\Desktop\\php-laravel-docker\\vendor\\symfony\\console\\Application.php(342): Symfony\\Component\\Console\\Application->doRunCommand()
#27 C:\\Users\\risha\\OneDrive\\Desktop\\php-laravel-docker\\vendor\\symfony\\console\\Application.php(193): Symfony\\Component\\Console\\Application->doRun()
#28 C:\\Users\\risha\\OneDrive\\Desktop\\php-laravel-docker\\vendor\\laravel\\framework\\src\\Illuminate\\Foundation\\Console\\Kernel.php(198): Symfony\\Component\\Console\\Application->run()
#29 C:\\Users\\risha\\OneDrive\\Desktop\\php-laravel-docker\\artisan(35): Illuminate\\Foundation\\Console\\Kernel->handle()
#30 {main}

[previous exception] [object] (ReflectionException(code: -1): Class \"Database\\Seeders\\app2\" does not exist at C:\\Users\\risha\\OneDrive\\Desktop\\php-laravel-docker\\vendor\\laravel\\framework\\src\\Illuminate\\Container\\Container.php:959)
[stacktrace]
#0 C:\\Users\\risha\\OneDrive\\Desktop\\php-laravel-docker\\vendor\\laravel\\framework\\src\\Illuminate\\Container\\Container.php(959): ReflectionClass->__construct()
#1 C:\\Users\\risha\\OneDrive\\Desktop\\php-laravel-docker\\vendor\\laravel\\framework\\src\\Illuminate\\Container\\Container.php(832): Illuminate\\Container\\Container->build()
#2 C:\\Users\\risha\\OneDrive\\Desktop\\php-laravel-docker\\vendor\\laravel\\framework\\src\\Illuminate\\Foundation\\Application.php(1078): Illuminate\\Container\\Container->resolve()
#3 C:\\Users\\risha\\OneDrive\\Desktop\\php-laravel-docker\\vendor\\laravel\\framework\\src\\Illuminate\\Container\\Container.php(763): Illuminate\\Foundation\\Application->resolve()
#4 C:\\Users\\risha\\OneDrive\\Desktop\\php-laravel-docker\\vendor\\laravel\\framework\\src\\Illuminate\\Foundation\\Application.php(1058): Illuminate\\Container\\Container->make()
#5 C:\\Users\\risha\\OneDrive\\Desktop\\php-laravel-docker\\vendor\\laravel\\framework\\src\\Illuminate\\Database\\Seeder.php(133): Illuminate\\Foundation\\Application->make()
#6 C:\\Users\\risha\\OneDrive\\Desktop\\php-laravel-docker\\vendor\\laravel\\framework\\src\\Illuminate\\Database\\Seeder.php(48): Illuminate\\Database\\Seeder->resolve()
#7 C:\\Users\\risha\\OneDrive\\Desktop\\php-laravel-docker\\database\\seeds\\DatabaseSeeder.php(16): Illuminate\\Database\\Seeder->call()
#8 C:\\Users\\risha\\OneDrive\\Desktop\\php-laravel-docker\\vendor\\laravel\\framework\\src\\Illuminate\\Container\\BoundMethod.php(36): DatabaseSeeder->run()
#9 C:\\Users\\risha\\OneDrive\\Desktop\\php-laravel-docker\\vendor\\laravel\\framework\\src\\Illuminate\\Container\\Util.php(43): Illuminate\\Container\\BoundMethod::{closure:Illuminate\\Container\\BoundMethod::call():35}()
#10 C:\\Users\\risha\\OneDrive\\Desktop\\php-laravel-docker\\vendor\\laravel\\framework\\src\\Illuminate\\Container\\BoundMethod.php(95): Illuminate\\Container\\Util::unwrapIfClosure()
#11 C:\\Users\\risha\\OneDrive\\Desktop\\php-laravel-docker\\vendor\\laravel\\framework\\src\\Illuminate\\Container\\BoundMethod.php(35): Illuminate\\Container\\BoundMethod::callBoundMethod()
#12 C:\\Users\\risha\\OneDrive\\Desktop\\php-laravel-docker\\vendor\\laravel\\framework\\src\\Illuminate\\Container\\Container.php(696): Illuminate\\Container\\BoundMethod::call()
#13 C:\\Users\\risha\\OneDrive\\Desktop\\php-laravel-docker\\vendor\\laravel\\framework\\src\\Illuminate\\Database\\Seeder.php(188): Illuminate\\Container\\Container->call()
#14 C:\\Users\\risha\\OneDrive\\Desktop\\php-laravel-docker\\vendor\\laravel\\framework\\src\\Illuminate\\Database\\Seeder.php(197): Illuminate\\Database\\Seeder->{closure:Illuminate\\Database\\Seeder::__invoke():187}()
#15 C:\\Users\\risha\\OneDrive\\Desktop\\php-laravel-docker\\vendor\\laravel\\framework\\src\\Illuminate\\Database\\Console\\Seeds\\SeedCommand.php(70): Illuminate\\Database\\Seeder->__invoke()
#16 C:\\Users\\risha\\OneDrive\\Desktop\\php-laravel-docker\\vendor\\laravel\\framework\\src\\Illuminate\\Database\\Eloquent\\Concerns\\GuardsAttributes.php(155): Illuminate\\Database\\Console\\Seeds\\SeedCommand->{closure:Illuminate\\Database\\Console\\Seeds\\SeedCommand::handle():69}()
#17 C:\\Users\\risha\\OneDrive\\Desktop\\php-laravel-docker\\vendor\\laravel\\framework\\src\\Illuminate\\Database\\Console\\Seeds\\SeedCommand.php(69): Illuminate\\Database\\Eloquent\\Model::unguarded()
#18 C:\\Users\\risha\\OneDrive\\Desktop\\php-laravel-docker\\vendor\\laravel\\framework\\src\\Illuminate\\Container\\BoundMethod.php(36): Illuminate\\Database\\Console\\Seeds\\SeedCommand->handle()
#19 C:\\Users\\risha\\OneDrive\\Desktop\\php-laravel-docker\\vendor\\laravel\\framework\\src\\Illuminate\\Container\\Util.php(43): Illuminate\\Container\\BoundMethod::{closure:Illuminate\\Container\\BoundMethod::call():35}()
#20 C:\\Users\\risha\\OneDrive\\Desktop\\php-laravel-docker\\vendor\\laravel\\framework\\src\\Illuminate\\Container\\BoundMethod.php(95): Illuminate\\Container\\Util::unwrapIfClosure()
#21 C:\\Users\\risha\\OneDrive\\Desktop\\php-laravel-docker\\vendor\\laravel\\framework\\src\\Illuminate\\Container\\BoundMethod.php(35): Illuminate\\Container\\BoundMethod::callBoundMethod()
#22 C:\\Users\\risha\\OneDrive\\Desktop\\php-laravel-docker\\vendor\\laravel\\framework\\src\\Illuminate\\Container\\Container.php(696): Illuminate\\Container\\BoundMethod::call()
#23 C:\\Users\\risha\\OneDrive\\Desktop\\php-laravel-docker\\vendor\\laravel\\framework\\src\\Illuminate\\Console\\Command.php(213): Illuminate\\Container\\Container->call()
#24 C:\\Users\\risha\\OneDrive\\Desktop\\php-laravel-docker\\vendor\\symfony\\console\\Command\\Command.php(279): Illuminate\\Console\\Command->execute()
#25 C:\\Users\\risha\\OneDrive\\Desktop\\php-laravel-docker\\vendor\\laravel\\framework\\src\\Illuminate\\Console\\Command.php(182): Symfony\\Component\\Console\\Command\\Command->run()
#26 C:\\Users\\risha\\OneDrive\\Desktop\\php-laravel-docker\\vendor\\symfony\\console\\Application.php(1094): Illuminate\\Console\\Command->run()
#27 C:\\Users\\risha\\OneDrive\\Desktop\\php-laravel-docker\\vendor\\symfony\\console\\Application.php(342): Symfony\\Component\\Console\\Application->doRunCommand()
#28 C:\\Users\\risha\\OneDrive\\Desktop\\php-laravel-docker\\vendor\\symfony\\console\\Application.php(193): Symfony\\Component\\Console\\Application->doRun()
#29 C:\\Users\\risha\\OneDrive\\Desktop\\php-laravel-docker\\vendor\\laravel\\framework\\src\\Illuminate\\Foundation\\Console\\Kernel.php(198): Symfony\\Component\\Console\\Application->run()
#30 C:\\Users\\risha\\OneDrive\\Desktop\\php-laravel-docker\\artisan(35): Illuminate\\Foundation\\Console\\Kernel->handle()
#31 {main}
"} 
[2025-05-22 12:40:22] local.ERROR: Target class [Database\Seeders\app2] does not exist. {"exception":"[object] (Illuminate\\Contracts\\Container\\BindingResolutionException(code: 0): Target class [Database\\Seeders\\app2] does not exist. at C:\\Users\\risha\\OneDrive\\Desktop\\php-laravel-docker\\vendor\\laravel\\framework\\src\\Illuminate\\Container\\Container.php:961)
[stacktrace]
#0 C:\\Users\\risha\\OneDrive\\Desktop\\php-laravel-docker\\vendor\\laravel\\framework\\src\\Illuminate\\Container\\Container.php(832): Illuminate\\Container\\Container->build()
#1 C:\\Users\\risha\\OneDrive\\Desktop\\php-laravel-docker\\vendor\\laravel\\framework\\src\\Illuminate\\Foundation\\Application.php(1078): Illuminate\\Container\\Container->resolve()
#2 C:\\Users\\risha\\OneDrive\\Desktop\\php-laravel-docker\\vendor\\laravel\\framework\\src\\Illuminate\\Container\\Container.php(763): Illuminate\\Foundation\\Application->resolve()
#3 C:\\Users\\risha\\OneDrive\\Desktop\\php-laravel-docker\\vendor\\laravel\\framework\\src\\Illuminate\\Foundation\\Application.php(1058): Illuminate\\Container\\Container->make()
#4 C:\\Users\\risha\\OneDrive\\Desktop\\php-laravel-docker\\vendor\\laravel\\framework\\src\\Illuminate\\Database\\Seeder.php(133): Illuminate\\Foundation\\Application->make()
#5 C:\\Users\\risha\\OneDrive\\Desktop\\php-laravel-docker\\vendor\\laravel\\framework\\src\\Illuminate\\Database\\Seeder.php(48): Illuminate\\Database\\Seeder->resolve()
#6 C:\\Users\\risha\\OneDrive\\Desktop\\php-laravel-docker\\database\\seeds\\DatabaseSeeder.php(16): Illuminate\\Database\\Seeder->call()
#7 C:\\Users\\risha\\OneDrive\\Desktop\\php-laravel-docker\\vendor\\laravel\\framework\\src\\Illuminate\\Container\\BoundMethod.php(36): DatabaseSeeder->run()
#8 C:\\Users\\risha\\OneDrive\\Desktop\\php-laravel-docker\\vendor\\laravel\\framework\\src\\Illuminate\\Container\\Util.php(43): Illuminate\\Container\\BoundMethod::{closure:Illuminate\\Container\\BoundMethod::call():35}()
#9 C:\\Users\\risha\\OneDrive\\Desktop\\php-laravel-docker\\vendor\\laravel\\framework\\src\\Illuminate\\Container\\BoundMethod.php(95): Illuminate\\Container\\Util::unwrapIfClosure()
#10 C:\\Users\\risha\\OneDrive\\Desktop\\php-laravel-docker\\vendor\\laravel\\framework\\src\\Illuminate\\Container\\BoundMethod.php(35): Illuminate\\Container\\BoundMethod::callBoundMethod()
#11 C:\\Users\\risha\\OneDrive\\Desktop\\php-laravel-docker\\vendor\\laravel\\framework\\src\\Illuminate\\Container\\Container.php(696): Illuminate\\Container\\BoundMethod::call()
#12 C:\\Users\\risha\\OneDrive\\Desktop\\php-laravel-docker\\vendor\\laravel\\framework\\src\\Illuminate\\Database\\Seeder.php(188): Illuminate\\Container\\Container->call()
#13 C:\\Users\\risha\\OneDrive\\Desktop\\php-laravel-docker\\vendor\\laravel\\framework\\src\\Illuminate\\Database\\Seeder.php(197): Illuminate\\Database\\Seeder->{closure:Illuminate\\Database\\Seeder::__invoke():187}()
#14 C:\\Users\\risha\\OneDrive\\Desktop\\php-laravel-docker\\vendor\\laravel\\framework\\src\\Illuminate\\Database\\Console\\Seeds\\SeedCommand.php(70): Illuminate\\Database\\Seeder->__invoke()
#15 C:\\Users\\risha\\OneDrive\\Desktop\\php-laravel-docker\\vendor\\laravel\\framework\\src\\Illuminate\\Database\\Eloquent\\Concerns\\GuardsAttributes.php(155): Illuminate\\Database\\Console\\Seeds\\SeedCommand->{closure:Illuminate\\Database\\Console\\Seeds\\SeedCommand::handle():69}()
#16 C:\\Users\\risha\\OneDrive\\Desktop\\php-laravel-docker\\vendor\\laravel\\framework\\src\\Illuminate\\Database\\Console\\Seeds\\SeedCommand.php(69): Illuminate\\Database\\Eloquent\\Model::unguarded()
#17 C:\\Users\\risha\\OneDrive\\Desktop\\php-laravel-docker\\vendor\\laravel\\framework\\src\\Illuminate\\Container\\BoundMethod.php(36): Illuminate\\Database\\Console\\Seeds\\SeedCommand->handle()
#18 C:\\Users\\risha\\OneDrive\\Desktop\\php-laravel-docker\\vendor\\laravel\\framework\\src\\Illuminate\\Container\\Util.php(43): Illuminate\\Container\\BoundMethod::{closure:Illuminate\\Container\\BoundMethod::call():35}()
#19 C:\\Users\\risha\\OneDrive\\Desktop\\php-laravel-docker\\vendor\\laravel\\framework\\src\\Illuminate\\Container\\BoundMethod.php(95): Illuminate\\Container\\Util::unwrapIfClosure()
#20 C:\\Users\\risha\\OneDrive\\Desktop\\php-laravel-docker\\vendor\\laravel\\framework\\src\\Illuminate\\Container\\BoundMethod.php(35): Illuminate\\Container\\BoundMethod::callBoundMethod()
#21 C:\\Users\\risha\\OneDrive\\Desktop\\php-laravel-docker\\vendor\\laravel\\framework\\src\\Illuminate\\Container\\Container.php(696): Illuminate\\Container\\BoundMethod::call()
#22 C:\\Users\\risha\\OneDrive\\Desktop\\php-laravel-docker\\vendor\\laravel\\framework\\src\\Illuminate\\Console\\Command.php(213): Illuminate\\Container\\Container->call()
#23 C:\\Users\\risha\\OneDrive\\Desktop\\php-laravel-docker\\vendor\\symfony\\console\\Command\\Command.php(279): Illuminate\\Console\\Command->execute()
#24 C:\\Users\\risha\\OneDrive\\Desktop\\php-laravel-docker\\vendor\\laravel\\framework\\src\\Illuminate\\Console\\Command.php(182): Symfony\\Component\\Console\\Command\\Command->run()
#25 C:\\Users\\risha\\OneDrive\\Desktop\\php-laravel-docker\\vendor\\symfony\\console\\Application.php(1094): Illuminate\\Console\\Command->run()
#26 C:\\Users\\risha\\OneDrive\\Desktop\\php-laravel-docker\\vendor\\symfony\\console\\Application.php(342): Symfony\\Component\\Console\\Application->doRunCommand()
#27 C:\\Users\\risha\\OneDrive\\Desktop\\php-laravel-docker\\vendor\\symfony\\console\\Application.php(193): Symfony\\Component\\Console\\Application->doRun()
#28 C:\\Users\\risha\\OneDrive\\Desktop\\php-laravel-docker\\vendor\\laravel\\framework\\src\\Illuminate\\Foundation\\Console\\Kernel.php(198): Symfony\\Component\\Console\\Application->run()
#29 C:\\Users\\risha\\OneDrive\\Desktop\\php-laravel-docker\\artisan(35): Illuminate\\Foundation\\Console\\Kernel->handle()
#30 {main}

[previous exception] [object] (ReflectionException(code: -1): Class \"Database\\Seeders\\app2\" does not exist at C:\\Users\\risha\\OneDrive\\Desktop\\php-laravel-docker\\vendor\\laravel\\framework\\src\\Illuminate\\Container\\Container.php:959)
[stacktrace]
#0 C:\\Users\\risha\\OneDrive\\Desktop\\php-laravel-docker\\vendor\\laravel\\framework\\src\\Illuminate\\Container\\Container.php(959): ReflectionClass->__construct()
#1 C:\\Users\\risha\\OneDrive\\Desktop\\php-laravel-docker\\vendor\\laravel\\framework\\src\\Illuminate\\Container\\Container.php(832): Illuminate\\Container\\Container->build()
#2 C:\\Users\\risha\\OneDrive\\Desktop\\php-laravel-docker\\vendor\\laravel\\framework\\src\\Illuminate\\Foundation\\Application.php(1078): Illuminate\\Container\\Container->resolve()
#3 C:\\Users\\risha\\OneDrive\\Desktop\\php-laravel-docker\\vendor\\laravel\\framework\\src\\Illuminate\\Container\\Container.php(763): Illuminate\\Foundation\\Application->resolve()
#4 C:\\Users\\risha\\OneDrive\\Desktop\\php-laravel-docker\\vendor\\laravel\\framework\\src\\Illuminate\\Foundation\\Application.php(1058): Illuminate\\Container\\Container->make()
#5 C:\\Users\\risha\\OneDrive\\Desktop\\php-laravel-docker\\vendor\\laravel\\framework\\src\\Illuminate\\Database\\Seeder.php(133): Illuminate\\Foundation\\Application->make()
#6 C:\\Users\\risha\\OneDrive\\Desktop\\php-laravel-docker\\vendor\\laravel\\framework\\src\\Illuminate\\Database\\Seeder.php(48): Illuminate\\Database\\Seeder->resolve()
#7 C:\\Users\\risha\\OneDrive\\Desktop\\php-laravel-docker\\database\\seeds\\DatabaseSeeder.php(16): Illuminate\\Database\\Seeder->call()
#8 C:\\Users\\risha\\OneDrive\\Desktop\\php-laravel-docker\\vendor\\laravel\\framework\\src\\Illuminate\\Container\\BoundMethod.php(36): DatabaseSeeder->run()
#9 C:\\Users\\risha\\OneDrive\\Desktop\\php-laravel-docker\\vendor\\laravel\\framework\\src\\Illuminate\\Container\\Util.php(43): Illuminate\\Container\\BoundMethod::{closure:Illuminate\\Container\\BoundMethod::call():35}()
#10 C:\\Users\\risha\\OneDrive\\Desktop\\php-laravel-docker\\vendor\\laravel\\framework\\src\\Illuminate\\Container\\BoundMethod.php(95): Illuminate\\Container\\Util::unwrapIfClosure()
#11 C:\\Users\\risha\\OneDrive\\Desktop\\php-laravel-docker\\vendor\\laravel\\framework\\src\\Illuminate\\Container\\BoundMethod.php(35): Illuminate\\Container\\BoundMethod::callBoundMethod()
#12 C:\\Users\\risha\\OneDrive\\Desktop\\php-laravel-docker\\vendor\\laravel\\framework\\src\\Illuminate\\Container\\Container.php(696): Illuminate\\Container\\BoundMethod::call()
#13 C:\\Users\\risha\\OneDrive\\Desktop\\php-laravel-docker\\vendor\\laravel\\framework\\src\\Illuminate\\Database\\Seeder.php(188): Illuminate\\Container\\Container->call()
#14 C:\\Users\\risha\\OneDrive\\Desktop\\php-laravel-docker\\vendor\\laravel\\framework\\src\\Illuminate\\Database\\Seeder.php(197): Illuminate\\Database\\Seeder->{closure:Illuminate\\Database\\Seeder::__invoke():187}()
#15 C:\\Users\\risha\\OneDrive\\Desktop\\php-laravel-docker\\vendor\\laravel\\framework\\src\\Illuminate\\Database\\Console\\Seeds\\SeedCommand.php(70): Illuminate\\Database\\Seeder->__invoke()
#16 C:\\Users\\risha\\OneDrive\\Desktop\\php-laravel-docker\\vendor\\laravel\\framework\\src\\Illuminate\\Database\\Eloquent\\Concerns\\GuardsAttributes.php(155): Illuminate\\Database\\Console\\Seeds\\SeedCommand->{closure:Illuminate\\Database\\Console\\Seeds\\SeedCommand::handle():69}()
#17 C:\\Users\\risha\\OneDrive\\Desktop\\php-laravel-docker\\vendor\\laravel\\framework\\src\\Illuminate\\Database\\Console\\Seeds\\SeedCommand.php(69): Illuminate\\Database\\Eloquent\\Model::unguarded()
#18 C:\\Users\\risha\\OneDrive\\Desktop\\php-laravel-docker\\vendor\\laravel\\framework\\src\\Illuminate\\Container\\BoundMethod.php(36): Illuminate\\Database\\Console\\Seeds\\SeedCommand->handle()
#19 C:\\Users\\risha\\OneDrive\\Desktop\\php-laravel-docker\\vendor\\laravel\\framework\\src\\Illuminate\\Container\\Util.php(43): Illuminate\\Container\\BoundMethod::{closure:Illuminate\\Container\\BoundMethod::call():35}()
#20 C:\\Users\\risha\\OneDrive\\Desktop\\php-laravel-docker\\vendor\\laravel\\framework\\src\\Illuminate\\Container\\BoundMethod.php(95): Illuminate\\Container\\Util::unwrapIfClosure()
#21 C:\\Users\\risha\\OneDrive\\Desktop\\php-laravel-docker\\vendor\\laravel\\framework\\src\\Illuminate\\Container\\BoundMethod.php(35): Illuminate\\Container\\BoundMethod::callBoundMethod()
#22 C:\\Users\\risha\\OneDrive\\Desktop\\php-laravel-docker\\vendor\\laravel\\framework\\src\\Illuminate\\Container\\Container.php(696): Illuminate\\Container\\BoundMethod::call()
#23 C:\\Users\\risha\\OneDrive\\Desktop\\php-laravel-docker\\vendor\\laravel\\framework\\src\\Illuminate\\Console\\Command.php(213): Illuminate\\Container\\Container->call()
#24 C:\\Users\\risha\\OneDrive\\Desktop\\php-laravel-docker\\vendor\\symfony\\console\\Command\\Command.php(279): Illuminate\\Console\\Command->execute()
#25 C:\\Users\\risha\\OneDrive\\Desktop\\php-laravel-docker\\vendor\\laravel\\framework\\src\\Illuminate\\Console\\Command.php(182): Symfony\\Component\\Console\\Command\\Command->run()
#26 C:\\Users\\risha\\OneDrive\\Desktop\\php-laravel-docker\\vendor\\symfony\\console\\Application.php(1094): Illuminate\\Console\\Command->run()
#27 C:\\Users\\risha\\OneDrive\\Desktop\\php-laravel-docker\\vendor\\symfony\\console\\Application.php(342): Symfony\\Component\\Console\\Application->doRunCommand()
#28 C:\\Users\\risha\\OneDrive\\Desktop\\php-laravel-docker\\vendor\\symfony\\console\\Application.php(193): Symfony\\Component\\Console\\Application->doRun()
#29 C:\\Users\\risha\\OneDrive\\Desktop\\php-laravel-docker\\vendor\\laravel\\framework\\src\\Illuminate\\Foundation\\Console\\Kernel.php(198): Symfony\\Component\\Console\\Application->run()
#30 C:\\Users\\risha\\OneDrive\\Desktop\\php-laravel-docker\\artisan(35): Illuminate\\Foundation\\Console\\Kernel->handle()
#31 {main}
"} 
